<?xml version="1.0" encoding="UTF-8"?>
<!-- Generated by org.testng.reporters.JUnitXMLReporter -->
<testsuite hostname="Monalisa-PC" ignored="0" name="Default test" tests="4" failures="0" timestamp="2020-11-25T14:54:19 IST" time="28.064" errors="0">
  <testcase name="loginTest" time="14.435" classname="ApachePOI.DataProviderTestNG"/>
  <testcase name="loginTest" time="3.612" classname="ApachePOI.DataProviderTestNG"/>
  <testcase name="loginTest" time="1.148" classname="ApachePOI.DataProviderTestNG"/>
  <testcase name="loginTest" time="1.181" classname="ApachePOI.DataProviderTestNG"/>
</testsuite> <!-- Default test -->
